# JRE version: Java(TM) SE Runtime Environment (8.0_341-b10) (build 1.8.0_341-b10)
# Java VM: Java HotSpot(TM) 64-Bit Server VM (25.341-b10 mixed mode windows-amd64 compressed oops)
Heap:
 garbage-first heap   total 1044480K, used 132096K [0x0000000540000000, 0x0000000540200ff0, 0x00000007c0000000)
  region size 2048K, 13 young (26624K), 9 survivors (18432K)
 Metaspace       used 10694K, capacity 10768K, committed 10880K, reserved 1058816K
  class space    used 1053K, capacity 1072K, committed 1152K, reserved 1048576K
GC Heap History (10 events):
Event: 0.655 GC heap before
{Heap before GC invocations=1 (full 0):
 garbage-first heap   total 1044480K, used 50911K [0x0000000540000000, 0x0000000540200ff0, 0x00000007c0000000)
  region size 2048K, 25 young (51200K), 4 survivors (8192K)
 Metaspace       used 10523K, capacity 10640K, committed 10880K, reserved 1058816K
  class space    used 1048K, capacity 1072K, committed 1152K, reserved 1048576K
Event: 0.662 GC heap after
Heap after GC invocations=2 (full 0):
 garbage-first heap   total 1044480K, used 18758K [0x0000000540000000, 0x0000000540200ff0, 0x00000007c0000000)
  region size 2048K, 4 young (8192K), 4 survivors (8192K)
 Metaspace       used 10523K, capacity 10640K, committed 10880K, reserved 1058816K
  class space    used 1048K, capacity 1072K, committed 1152K, reserved 1048576K
}
Event: 0.756 GC heap before
{Heap before GC invocations=2 (full 0):
 garbage-first heap   total 1044480K, used 86342K [0x0000000540000000, 0x0000000540200ff0, 0x00000007c0000000)
  region size 2048K, 37 young (75776K), 4 survivors (8192K)
 Metaspace       used 10589K, capacity 10704K, committed 10880K, reserved 1058816K
  class space    used 1048K, capacity 1072K, committed 1152K, reserved 1048576K
Event: 0.763 GC heap after
Heap after GC invocations=3 (full 0):
 garbage-first heap   total 1044480K, used 35318K [0x0000000540000000, 0x0000000540200ff0, 0x00000007c0000000)
  region size 2048K, 5 young (10240K), 5 survivors (10240K)
 Metaspace       used 10589K, capacity 10704K, committed 10880K, reserved 1058816K
  class space    used 1048K, capacity 1072K, committed 1152K, reserved 1048576K
}
Event: 0.868 GC heap before
{Heap before GC invocations=3 (full 0):
 garbage-first heap   total 1044480K, used 113142K [0x0000000540000000, 0x0000000540200ff0, 0x00000007c0000000)
  region size 2048K, 43 young (88064K), 5 survivors (10240K)
 Metaspace       used 10614K, capacity 10704K, committed 10880K, reserved 1058816K
  class space    used 1048K, capacity 1072K, committed 1152K, reserved 1048576K
Event: 0.877 GC heap after
Heap after GC invocations=4 (full 0):
 garbage-first heap   total 1044480K, used 64230K [0x0000000540000000, 0x0000000540200ff0, 0x00000007c0000000)
  region size 2048K, 6 young (12288K), 6 survivors (12288K)
 Metaspace       used 10614K, capacity 10704K, committed 10880K, reserved 1058816K
  class space    used 1048K, capacity 1072K, committed 1152K, reserved 1048576K
}
Event: 1.043 GC heap before
{Heap before GC invocations=4 (full 0):
 garbage-first heap   total 1044480K, used 162534K [0x0000000540000000, 0x0000000540200ff0, 0x00000007c0000000)
  region size 2048K, 54 young (110592K), 6 survivors (12288K)
 Metaspace       used 10614K, capacity 10704K, committed 10880K, reserved 1058816K
  class space    used 1048K, capacity 1072K, committed 1152K, reserved 1048576K
Event: 1.053 GC heap after
Heap after GC invocations=5 (full 0):
 garbage-first heap   total 1044480K, used 92090K [0x0000000540000000, 0x0000000540200ff0, 0x00000007c0000000)
  region size 2048K, 7 young (14336K), 7 survivors (14336K)
 Metaspace       used 10614K, capacity 10704K, committed 10880K, reserved 1058816K
  class space    used 1048K, capacity 1072K, committed 1152K, reserved 1048576K
}
Event: 1.260 GC heap before
{Heap before GC invocations=5 (full 0):
 garbage-first heap   total 1044480K, used 219066K [0x0000000540000000, 0x0000000540200ff0, 0x00000007c0000000)
  region size 2048K, 69 young (141312K), 7 survivors (14336K)
 Metaspace       used 10675K, capacity 10768K, committed 10880K, reserved 1058816K
  class space    used 1053K, capacity 1072K, committed 1152K, reserved 1048576K
Event: 1.268 GC heap after
Heap after GC invocations=6 (full 0):
 garbage-first heap   total 1044480K, used 125952K [0x0000000540000000, 0x0000000540200ff0, 0x00000007c0000000)
  region size 2048K, 9 young (18432K), 9 survivors (18432K)
 Metaspace       used 10675K, capacity 10768K, committed 10880K, reserved 1058816K
  class space    used 1053K, capacity 1072K, committed 1152K, reserved 1048576K
}

